{"/Users/thiagofazzi/Projects/Vennex/vennex-ui/src/components/VButton/VButton.vue": {"path":"/Users/thiagofazzi/Projects/Vennex/vennex-ui/src/components/VButton/VButton.vue","all":false,"statementMap":{"0":{"start":{"line":1,"column":0},"end":{"line":1,"column":10}},"1":{"start":{"line":2,"column":0},"end":{"line":2,"column":9}},"2":{"start":{"line":3,"column":0},"end":{"line":3,"column":24}},"3":{"start":{"line":4,"column":0},"end":{"line":4,"column":22}},"4":{"start":{"line":5,"column":0},"end":{"line":5,"column":28}},"5":{"start":{"line":6,"column":0},"end":{"line":6,"column":30}},"6":{"start":{"line":7,"column":0},"end":{"line":7,"column":30}},"7":{"start":{"line":8,"column":0},"end":{"line":8,"column":26}},"8":{"start":{"line":9,"column":0},"end":{"line":9,"column":28}},"9":{"start":{"line":10,"column":0},"end":{"line":10,"column":22}},"10":{"start":{"line":11,"column":0},"end":{"line":11,"column":22}},"11":{"start":{"line":12,"column":0},"end":{"line":12,"column":28}},"12":{"start":{"line":13,"column":0},"end":{"line":13,"column":36}},"13":{"start":{"line":14,"column":0},"end":{"line":14,"column":24}},"14":{"start":{"line":15,"column":0},"end":{"line":15,"column":34}},"15":{"start":{"line":16,"column":0},"end":{"line":16,"column":18}},"16":{"start":{"line":17,"column":0},"end":{"line":17,"column":19}},"17":{"start":{"line":18,"column":0},"end":{"line":18,"column":24}},"19":{"start":{"line":20,"column":0},"end":{"line":20,"column":17}},"20":{"start":{"line":21,"column":0},"end":{"line":21,"column":11}},"24":{"start":{"line":25,"column":0},"end":{"line":25,"column":37}},"25":{"start":{"line":26,"column":0},"end":{"line":26,"column":41}},"27":{"start":{"line":28,"column":0},"end":{"line":28,"column":27}},"113":{"start":{"line":114,"column":0},"end":{"line":114,"column":36}},"115":{"start":{"line":116,"column":0},"end":{"line":116,"column":44}},"116":{"start":{"line":117,"column":0},"end":{"line":117,"column":23}},"117":{"start":{"line":118,"column":0},"end":{"line":118,"column":2}},"120":{"start":{"line":121,"column":0},"end":{"line":121,"column":26}},"121":{"start":{"line":122,"column":0},"end":{"line":122,"column":9}},"122":{"start":{"line":123,"column":0},"end":{"line":123,"column":58}},"123":{"start":{"line":124,"column":0},"end":{"line":124,"column":12}},"124":{"start":{"line":125,"column":0},"end":{"line":125,"column":23}},"125":{"start":{"line":126,"column":0},"end":{"line":126,"column":49}},"126":{"start":{"line":127,"column":0},"end":{"line":127,"column":6}},"127":{"start":{"line":128,"column":0},"end":{"line":128,"column":4}},"128":{"start":{"line":129,"column":0},"end":{"line":129,"column":2}},"131":{"start":{"line":132,"column":0},"end":{"line":132,"column":33}},"132":{"start":{"line":133,"column":0},"end":{"line":133,"column":32}},"133":{"start":{"line":134,"column":0},"end":{"line":134,"column":68}},"136":{"start":{"line":137,"column":0},"end":{"line":137,"column":34}},"137":{"start":{"line":138,"column":0},"end":{"line":138,"column":37}},"138":{"start":{"line":139,"column":0},"end":{"line":139,"column":27}},"139":{"start":{"line":140,"column":0},"end":{"line":140,"column":5}},"141":{"start":{"line":142,"column":0},"end":{"line":142,"column":44}},"142":{"start":{"line":143,"column":0},"end":{"line":143,"column":62}},"143":{"start":{"line":144,"column":0},"end":{"line":144,"column":49}},"146":{"start":{"line":147,"column":0},"end":{"line":147,"column":63}},"149":{"start":{"line":150,"column":0},"end":{"line":150,"column":52}},"150":{"start":{"line":151,"column":0},"end":{"line":151,"column":46}},"152":{"start":{"line":153,"column":0},"end":{"line":153,"column":65}},"156":{"start":{"line":157,"column":0},"end":{"line":157,"column":46}},"157":{"start":{"line":158,"column":0},"end":{"line":158,"column":51}},"158":{"start":{"line":159,"column":0},"end":{"line":159,"column":56}},"159":{"start":{"line":160,"column":0},"end":{"line":160,"column":54}},"160":{"start":{"line":161,"column":0},"end":{"line":161,"column":12}},"162":{"start":{"line":163,"column":0},"end":{"line":163,"column":38}},"163":{"start":{"line":164,"column":0},"end":{"line":164,"column":5}},"166":{"start":{"line":167,"column":0},"end":{"line":167,"column":8}},"167":{"start":{"line":168,"column":0},"end":{"line":168,"column":33}},"168":{"start":{"line":169,"column":0},"end":{"line":169,"column":56}},"169":{"start":{"line":170,"column":0},"end":{"line":170,"column":7}},"170":{"start":{"line":171,"column":0},"end":{"line":171,"column":38}},"171":{"start":{"line":172,"column":0},"end":{"line":172,"column":5}},"172":{"start":{"line":173,"column":0},"end":{"line":173,"column":49}},"174":{"start":{"line":175,"column":0},"end":{"line":175,"column":38}},"175":{"start":{"line":176,"column":0},"end":{"line":176,"column":5}},"178":{"start":{"line":179,"column":0},"end":{"line":179,"column":55}},"179":{"start":{"line":180,"column":0},"end":{"line":180,"column":32}},"180":{"start":{"line":181,"column":0},"end":{"line":181,"column":5}},"181":{"start":{"line":182,"column":0},"end":{"line":182,"column":3}},"182":{"start":{"line":183,"column":0},"end":{"line":183,"column":16}},"183":{"start":{"line":184,"column":0},"end":{"line":184,"column":3}}},"s":{"0":1,"1":1,"2":1,"3":1,"4":1,"5":1,"6":1,"7":1,"8":1,"9":1,"10":1,"11":1,"12":1,"13":1,"14":1,"15":1,"16":1,"17":1,"19":1,"20":1,"24":1,"25":1,"27":1,"113":1,"115":1,"116":2,"117":2,"120":1,"121":1,"122":1,"123":1,"124":1,"125":1,"126":1,"127":1,"128":1,"131":1,"132":26,"133":26,"136":26,"137":26,"138":26,"139":26,"141":26,"142":30,"143":30,"146":30,"149":30,"150":30,"152":30,"156":30,"157":2,"158":30,"159":25,"160":28,"162":3,"163":3,"166":30,"167":30,"168":30,"169":30,"170":2,"171":2,"172":30,"174":3,"175":3,"178":30,"179":2,"180":2,"181":30,"182":26,"183":1},"branchMap":{"0":{"type":"branch","line":116,"loc":{"start":{"line":116,"column":20},"end":{"line":118,"column":2}},"locations":[{"start":{"line":116,"column":20},"end":{"line":118,"column":2}}]},"1":{"type":"branch","line":132,"loc":{"start":{"line":132,"column":26},"end":{"line":184,"column":1}},"locations":[{"start":{"line":132,"column":26},"end":{"line":184,"column":1}}]},"2":{"type":"branch","line":133,"loc":{"start":{"line":133,"column":23},"end":{"line":133,"column":32}},"locations":[{"start":{"line":133,"column":23},"end":{"line":133,"column":32}}]},"3":{"type":"branch","line":142,"loc":{"start":{"line":142,"column":43},"end":{"line":182,"column":3}},"locations":[{"start":{"line":142,"column":43},"end":{"line":182,"column":3}}]},"4":{"type":"branch","line":143,"loc":{"start":{"line":143,"column":54},"end":{"line":143,"column":62}},"locations":[{"start":{"line":143,"column":54},"end":{"line":143,"column":62}}]},"5":{"type":"branch","line":144,"loc":{"start":{"line":144,"column":41},"end":{"line":144,"column":49}},"locations":[{"start":{"line":144,"column":41},"end":{"line":144,"column":49}}]},"6":{"type":"branch","line":150,"loc":{"start":{"line":150,"column":40},"end":{"line":150,"column":52}},"locations":[{"start":{"line":150,"column":40},"end":{"line":150,"column":52}}]},"7":{"type":"branch","line":151,"loc":{"start":{"line":151,"column":34},"end":{"line":151,"column":46}},"locations":[{"start":{"line":151,"column":34},"end":{"line":151,"column":46}}]},"8":{"type":"branch","line":157,"loc":{"start":{"line":157,"column":45},"end":{"line":159,"column":15}},"locations":[{"start":{"line":157,"column":45},"end":{"line":159,"column":15}}]},"9":{"type":"branch","line":159,"loc":{"start":{"line":159,"column":4},"end":{"line":164,"column":5}},"locations":[{"start":{"line":159,"column":4},"end":{"line":164,"column":5}}]},"10":{"type":"branch","line":159,"loc":{"start":{"line":159,"column":55},"end":{"line":161,"column":11}},"locations":[{"start":{"line":159,"column":55},"end":{"line":161,"column":11}}]},"11":{"type":"branch","line":161,"loc":{"start":{"line":161,"column":4},"end":{"line":164,"column":5}},"locations":[{"start":{"line":161,"column":4},"end":{"line":164,"column":5}}]},"12":{"type":"branch","line":170,"loc":{"start":{"line":170,"column":6},"end":{"line":172,"column":5}},"locations":[{"start":{"line":170,"column":6},"end":{"line":172,"column":5}}]},"13":{"type":"branch","line":173,"loc":{"start":{"line":173,"column":48},"end":{"line":176,"column":5}},"locations":[{"start":{"line":173,"column":48},"end":{"line":176,"column":5}}]},"14":{"type":"branch","line":179,"loc":{"start":{"line":179,"column":54},"end":{"line":181,"column":5}},"locations":[{"start":{"line":179,"column":54},"end":{"line":181,"column":5}}]},"15":{"type":"branch","line":20,"loc":{"start":{"line":20,"column":4},"end":{"line":20,"column":17}},"locations":[{"start":{"line":20,"column":4},"end":{"line":20,"column":17}}]}},"b":{"0":[2],"1":[26],"2":[19],"3":[30],"4":[4],"5":[23],"6":[4],"7":[25],"8":[2],"9":[28],"10":[25],"11":[3],"12":[2],"13":[3],"14":[2],"15":[26]},"fnMap":{"0":{"name":"handleClick","decl":{"start":{"line":116,"column":20},"end":{"line":118,"column":2}},"loc":{"start":{"line":116,"column":20},"end":{"line":118,"column":2}},"line":116}},"f":{"0":2}}
,"/Users/thiagofazzi/Projects/Vennex/vennex-ui/src/components/VButton/index.ts": {"path":"/Users/thiagofazzi/Projects/Vennex/vennex-ui/src/components/VButton/index.ts","all":false,"statementMap":{"0":{"start":{"line":1,"column":0},"end":{"line":1,"column":36}},"3":{"start":{"line":4,"column":0},"end":{"line":4,"column":23}}},"s":{"0":1,"3":1},"branchMap":{},"b":{},"fnMap":{},"f":{}}
,"/Users/thiagofazzi/Projects/Vennex/vennex-ui/src/components/VCard/VCard.vue": {"path":"/Users/thiagofazzi/Projects/Vennex/vennex-ui/src/components/VCard/VCard.vue","all":false,"statementMap":{"0":{"start":{"line":1,"column":0},"end":{"line":1,"column":10}},"1":{"start":{"line":2,"column":0},"end":{"line":2,"column":24}},"2":{"start":{"line":3,"column":0},"end":{"line":3,"column":43}},"3":{"start":{"line":4,"column":0},"end":{"line":4,"column":28}},"5":{"start":{"line":6,"column":0},"end":{"line":6,"column":41}},"6":{"start":{"line":7,"column":0},"end":{"line":7,"column":27}},"8":{"start":{"line":9,"column":0},"end":{"line":9,"column":47}},"9":{"start":{"line":10,"column":0},"end":{"line":10,"column":30}},"11":{"start":{"line":12,"column":0},"end":{"line":12,"column":23}},"12":{"start":{"line":13,"column":0},"end":{"line":13,"column":51}},"13":{"start":{"line":14,"column":0},"end":{"line":14,"column":41}},"15":{"start":{"line":16,"column":0},"end":{"line":16,"column":43}},"16":{"start":{"line":17,"column":0},"end":{"line":17,"column":28}},"18":{"start":{"line":19,"column":0},"end":{"line":19,"column":9}},"22":{"start":{"line":23,"column":0},"end":{"line":23,"column":48}},"23":{"start":{"line":24,"column":0},"end":{"line":24,"column":33}},"25":{"start":{"line":26,"column":0},"end":{"line":26,"column":32}},"26":{"start":{"line":27,"column":0},"end":{"line":27,"column":16}},"27":{"start":{"line":28,"column":0},"end":{"line":28,"column":15}},"28":{"start":{"line":29,"column":0},"end":{"line":29,"column":9}},"29":{"start":{"line":30,"column":0},"end":{"line":30,"column":4}},"30":{"start":{"line":31,"column":0},"end":{"line":31,"column":10}},"32":{"start":{"line":33,"column":0},"end":{"line":33,"column":9}},"33":{"start":{"line":34,"column":0},"end":{"line":34,"column":19}},"34":{"start":{"line":35,"column":0},"end":{"line":35,"column":26}},"35":{"start":{"line":36,"column":0},"end":{"line":36,"column":6}},"36":{"start":{"line":37,"column":0},"end":{"line":37,"column":4}},"37":{"start":{"line":38,"column":0},"end":{"line":38,"column":27}},"38":{"start":{"line":39,"column":0},"end":{"line":39,"column":42}},"39":{"start":{"line":40,"column":0},"end":{"line":40,"column":16}},"40":{"start":{"line":41,"column":0},"end":{"line":41,"column":23}},"41":{"start":{"line":42,"column":0},"end":{"line":42,"column":22}},"42":{"start":{"line":43,"column":0},"end":{"line":43,"column":25}},"43":{"start":{"line":44,"column":0},"end":{"line":44,"column":24}},"44":{"start":{"line":45,"column":0},"end":{"line":45,"column":20}},"46":{"start":{"line":47,"column":0},"end":{"line":47,"column":7}},"48":{"start":{"line":49,"column":0},"end":{"line":49,"column":38}},"49":{"start":{"line":50,"column":0},"end":{"line":50,"column":14}},"50":{"start":{"line":51,"column":0},"end":{"line":51,"column":20}},"51":{"start":{"line":52,"column":0},"end":{"line":52,"column":8}},"52":{"start":{"line":53,"column":0},"end":{"line":53,"column":7}},"54":{"start":{"line":55,"column":0},"end":{"line":55,"column":12}},"55":{"start":{"line":56,"column":0},"end":{"line":56,"column":20}},"56":{"start":{"line":57,"column":0},"end":{"line":57,"column":16}},"57":{"start":{"line":58,"column":0},"end":{"line":58,"column":6}},"58":{"start":{"line":59,"column":0},"end":{"line":59,"column":4}},"59":{"start":{"line":60,"column":0},"end":{"line":60,"column":3}}},"s":{"0":12,"1":1,"2":1,"3":1,"5":1,"6":1,"8":1,"9":1,"11":1,"12":1,"13":1,"15":1,"16":1,"18":1,"22":1,"23":1,"25":1,"26":1,"27":1,"28":1,"29":1,"30":1,"32":1,"33":1,"34":1,"35":1,"36":1,"37":1,"38":13,"39":12,"40":12,"41":9,"42":7,"43":6,"44":6,"46":13,"48":13,"49":13,"50":13,"51":13,"52":13,"54":13,"55":13,"56":13,"57":13,"58":13,"59":1},"branchMap":{"0":{"type":"branch","line":35,"loc":{"start":{"line":35,"column":15},"end":{"line":35,"column":26}},"locations":[{"start":{"line":35,"column":15},"end":{"line":35,"column":26}}]},"1":{"type":"branch","line":38,"loc":{"start":{"line":38,"column":2},"end":{"line":59,"column":4}},"locations":[{"start":{"line":38,"column":2},"end":{"line":59,"column":4}}]},"2":{"type":"branch","line":39,"loc":{"start":{"line":39,"column":35},"end":{"line":47,"column":5}},"locations":[{"start":{"line":39,"column":35},"end":{"line":47,"column":5}}]},"3":{"type":"branch","line":41,"loc":{"start":{"line":41,"column":14},"end":{"line":42,"column":22}},"locations":[{"start":{"line":41,"column":14},"end":{"line":42,"column":22}}]},"4":{"type":"branch","line":42,"loc":{"start":{"line":42,"column":14},"end":{"line":43,"column":25}},"locations":[{"start":{"line":42,"column":14},"end":{"line":43,"column":25}}]},"5":{"type":"branch","line":43,"loc":{"start":{"line":43,"column":14},"end":{"line":44,"column":24}},"locations":[{"start":{"line":43,"column":14},"end":{"line":44,"column":24}}]},"6":{"type":"branch","line":44,"loc":{"start":{"line":44,"column":14},"end":{"line":45,"column":20}},"locations":[{"start":{"line":44,"column":14},"end":{"line":45,"column":20}}]},"7":{"type":"branch","line":49,"loc":{"start":{"line":49,"column":31},"end":{"line":53,"column":5}},"locations":[{"start":{"line":49,"column":31},"end":{"line":53,"column":5}}]},"8":{"type":"branch","line":1,"loc":{"start":{"line":1,"column":0},"end":{"line":1,"column":10}},"locations":[{"start":{"line":1,"column":0},"end":{"line":1,"column":10}}]},"9":{"type":"branch","line":1,"loc":{"start":{"line":1,"column":0},"end":{"line":1,"column":10}},"locations":[{"start":{"line":1,"column":0},"end":{"line":1,"column":10}}]},"10":{"type":"branch","line":1,"loc":{"start":{"line":1,"column":0},"end":{"line":1,"column":10}},"locations":[{"start":{"line":1,"column":0},"end":{"line":1,"column":10}}]},"11":{"type":"branch","line":1,"loc":{"start":{"line":1,"column":0},"end":{"line":1,"column":10}},"locations":[{"start":{"line":1,"column":0},"end":{"line":1,"column":10}}]},"12":{"type":"branch","line":13,"loc":{"start":{"line":13,"column":25},"end":{"line":13,"column":51}},"locations":[{"start":{"line":13,"column":25},"end":{"line":13,"column":51}}]},"13":{"type":"branch","line":4,"loc":{"start":{"line":4,"column":6},"end":{"line":4,"column":28}},"locations":[{"start":{"line":4,"column":6},"end":{"line":4,"column":28}}]},"14":{"type":"branch","line":7,"loc":{"start":{"line":7,"column":6},"end":{"line":7,"column":27}},"locations":[{"start":{"line":7,"column":6},"end":{"line":7,"column":27}}]},"15":{"type":"branch","line":10,"loc":{"start":{"line":10,"column":6},"end":{"line":10,"column":30}},"locations":[{"start":{"line":10,"column":6},"end":{"line":10,"column":30}}]},"16":{"type":"branch","line":17,"loc":{"start":{"line":17,"column":6},"end":{"line":17,"column":28}},"locations":[{"start":{"line":17,"column":6},"end":{"line":17,"column":28}}]}},"b":{"0":[12],"1":[13],"2":[12],"3":[9],"4":[7],"5":[6],"6":[6],"7":[13],"8":[10],"9":[11],"10":[11],"11":[12],"12":[1],"13":[3],"14":[2],"15":[2],"16":[1]},"fnMap":{"0":{"name":"default","decl":{"start":{"line":35,"column":15},"end":{"line":35,"column":26}},"loc":{"start":{"line":35,"column":15},"end":{"line":35,"column":26}},"line":35},"1":{"name":"setup","decl":{"start":{"line":38,"column":2},"end":{"line":59,"column":4}},"loc":{"start":{"line":38,"column":2},"end":{"line":59,"column":4}},"line":38}},"f":{"0":12,"1":13}}
,"/Users/thiagofazzi/Projects/Vennex/vennex-ui/src/components/VCard/index.ts": {"path":"/Users/thiagofazzi/Projects/Vennex/vennex-ui/src/components/VCard/index.ts","all":false,"statementMap":{"0":{"start":{"line":1,"column":0},"end":{"line":1,"column":32}},"3":{"start":{"line":4,"column":0},"end":{"line":4,"column":21}}},"s":{"0":1,"3":1},"branchMap":{},"b":{},"fnMap":{},"f":{}}
,"/Users/thiagofazzi/Projects/Vennex/vennex-ui/src/components/VModal/VModal.vue": {"path":"/Users/thiagofazzi/Projects/Vennex/vennex-ui/src/components/VModal/VModal.vue","all":false,"statementMap":{"0":{"start":{"line":1,"column":0},"end":{"line":1,"column":10}},"1":{"start":{"line":2,"column":0},"end":{"line":2,"column":9}},"2":{"start":{"line":3,"column":0},"end":{"line":3,"column":28}},"3":{"start":{"line":4,"column":0},"end":{"line":4,"column":41}},"4":{"start":{"line":5,"column":0},"end":{"line":5,"column":28}},"5":{"start":{"line":6,"column":0},"end":{"line":6,"column":25}},"6":{"start":{"line":7,"column":0},"end":{"line":7,"column":27}},"7":{"start":{"line":8,"column":0},"end":{"line":8,"column":48}},"8":{"start":{"line":9,"column":0},"end":{"line":9,"column":40}},"9":{"start":{"line":10,"column":0},"end":{"line":10,"column":30}},"10":{"start":{"line":11,"column":0},"end":{"line":11,"column":32}},"11":{"start":{"line":12,"column":0},"end":{"line":12,"column":22}},"12":{"start":{"line":13,"column":0},"end":{"line":13,"column":28}},"13":{"start":{"line":14,"column":0},"end":{"line":14,"column":58}},"14":{"start":{"line":15,"column":0},"end":{"line":15,"column":27}},"16":{"start":{"line":17,"column":0},"end":{"line":17,"column":22}},"17":{"start":{"line":18,"column":0},"end":{"line":18,"column":26}},"18":{"start":{"line":19,"column":0},"end":{"line":19,"column":71}},"19":{"start":{"line":20,"column":0},"end":{"line":20,"column":13}},"22":{"start":{"line":23,"column":0},"end":{"line":23,"column":8}},"23":{"start":{"line":24,"column":0},"end":{"line":24,"column":30}},"24":{"start":{"line":25,"column":0},"end":{"line":25,"column":25}},"25":{"start":{"line":26,"column":0},"end":{"line":26,"column":34}},"27":{"start":{"line":28,"column":0},"end":{"line":28,"column":29}},"28":{"start":{"line":29,"column":0},"end":{"line":29,"column":10}},"29":{"start":{"line":30,"column":0},"end":{"line":30,"column":10}},"30":{"start":{"line":31,"column":0},"end":{"line":31,"column":57}},"31":{"start":{"line":32,"column":0},"end":{"line":32,"column":11}},"33":{"start":{"line":34,"column":0},"end":{"line":34,"column":22}},"34":{"start":{"line":35,"column":0},"end":{"line":35,"column":53}},"35":{"start":{"line":36,"column":0},"end":{"line":36,"column":14}},"36":{"start":{"line":37,"column":0},"end":{"line":37,"column":28}},"37":{"start":{"line":38,"column":0},"end":{"line":38,"column":38}},"38":{"start":{"line":39,"column":0},"end":{"line":39,"column":22}},"39":{"start":{"line":40,"column":0},"end":{"line":40,"column":29}},"40":{"start":{"line":41,"column":0},"end":{"line":41,"column":28}},"41":{"start":{"line":42,"column":0},"end":{"line":42,"column":8}},"43":{"start":{"line":44,"column":0},"end":{"line":44,"column":48}},"44":{"start":{"line":45,"column":0},"end":{"line":45,"column":36}},"46":{"start":{"line":47,"column":0},"end":{"line":47,"column":52}},"47":{"start":{"line":48,"column":0},"end":{"line":48,"column":38}},"49":{"start":{"line":50,"column":0},"end":{"line":50,"column":11}},"53":{"start":{"line":54,"column":0},"end":{"line":54,"column":41}},"54":{"start":{"line":55,"column":0},"end":{"line":55,"column":37}},"55":{"start":{"line":56,"column":0},"end":{"line":56,"column":73}},"57":{"start":{"line":58,"column":0},"end":{"line":58,"column":27}},"104":{"start":{"line":105,"column":0},"end":{"line":105,"column":76}},"105":{"start":{"line":106,"column":0},"end":{"line":106,"column":25}},"108":{"start":{"line":109,"column":0},"end":{"line":109,"column":65}},"109":{"start":{"line":110,"column":0},"end":{"line":110,"column":49}},"110":{"start":{"line":111,"column":0},"end":{"line":111,"column":61}},"112":{"start":{"line":113,"column":0},"end":{"line":113,"column":49}},"113":{"start":{"line":114,"column":0},"end":{"line":114,"column":15}},"114":{"start":{"line":115,"column":0},"end":{"line":115,"column":59}},"115":{"start":{"line":116,"column":0},"end":{"line":116,"column":32}},"116":{"start":{"line":117,"column":0},"end":{"line":117,"column":33}},"117":{"start":{"line":118,"column":0},"end":{"line":118,"column":13}},"118":{"start":{"line":119,"column":0},"end":{"line":119,"column":5}},"119":{"start":{"line":120,"column":0},"end":{"line":120,"column":3}},"120":{"start":{"line":121,"column":0},"end":{"line":121,"column":32}},"122":{"start":{"line":123,"column":0},"end":{"line":123,"column":2}},"124":{"start":{"line":125,"column":0},"end":{"line":125,"column":32}},"125":{"start":{"line":126,"column":0},"end":{"line":126,"column":22}},"126":{"start":{"line":127,"column":0},"end":{"line":127,"column":2}},"128":{"start":{"line":129,"column":0},"end":{"line":129,"column":28}},"129":{"start":{"line":130,"column":0},"end":{"line":130,"column":57}},"130":{"start":{"line":131,"column":0},"end":{"line":131,"column":30}},"131":{"start":{"line":132,"column":0},"end":{"line":132,"column":32}},"132":{"start":{"line":133,"column":0},"end":{"line":133,"column":34}},"133":{"start":{"line":134,"column":0},"end":{"line":134,"column":3}},"134":{"start":{"line":135,"column":0},"end":{"line":135,"column":2}},"137":{"start":{"line":138,"column":0},"end":{"line":138,"column":44}},"138":{"start":{"line":139,"column":0},"end":{"line":139,"column":9}},"139":{"start":{"line":140,"column":0},"end":{"line":140,"column":12}},"140":{"start":{"line":141,"column":0},"end":{"line":141,"column":45}},"141":{"start":{"line":142,"column":0},"end":{"line":142,"column":39}},"142":{"start":{"line":143,"column":0},"end":{"line":143,"column":88}},"143":{"start":{"line":144,"column":0},"end":{"line":144,"column":6}},"149":{"start":{"line":150,"column":0},"end":{"line":150,"column":4}},"150":{"start":{"line":151,"column":0},"end":{"line":151,"column":9}},"151":{"start":{"line":152,"column":0},"end":{"line":152,"column":12}},"152":{"start":{"line":153,"column":0},"end":{"line":153,"column":25}},"153":{"start":{"line":154,"column":0},"end":{"line":154,"column":55}},"154":{"start":{"line":155,"column":0},"end":{"line":155,"column":6}},"155":{"start":{"line":156,"column":0},"end":{"line":156,"column":4}},"156":{"start":{"line":157,"column":0},"end":{"line":157,"column":11}},"157":{"start":{"line":158,"column":0},"end":{"line":158,"column":29}},"158":{"start":{"line":159,"column":0},"end":{"line":159,"column":4}},"159":{"start":{"line":160,"column":0},"end":{"line":160,"column":10}},"160":{"start":{"line":161,"column":0},"end":{"line":161,"column":28}},"163":{"start":{"line":164,"column":0},"end":{"line":164,"column":4}},"164":{"start":{"line":165,"column":0},"end":{"line":165,"column":16}},"165":{"start":{"line":166,"column":0},"end":{"line":166,"column":33}},"166":{"start":{"line":167,"column":0},"end":{"line":167,"column":4}},"167":{"start":{"line":168,"column":0},"end":{"line":168,"column":20}},"168":{"start":{"line":169,"column":0},"end":{"line":169,"column":68}},"169":{"start":{"line":170,"column":0},"end":{"line":170,"column":4}},"170":{"start":{"line":171,"column":0},"end":{"line":171,"column":12}},"171":{"start":{"line":172,"column":0},"end":{"line":172,"column":30}},"175":{"start":{"line":176,"column":0},"end":{"line":176,"column":4}},"176":{"start":{"line":177,"column":0},"end":{"line":177,"column":11}},"177":{"start":{"line":178,"column":0},"end":{"line":178,"column":29}},"178":{"start":{"line":179,"column":0},"end":{"line":179,"column":4}},"179":{"start":{"line":180,"column":0},"end":{"line":180,"column":4}},"182":{"start":{"line":183,"column":0},"end":{"line":183,"column":39}},"183":{"start":{"line":184,"column":0},"end":{"line":184,"column":48}},"185":{"start":{"line":186,"column":0},"end":{"line":186,"column":3}}},"s":{"0":1,"1":1,"2":1,"3":1,"4":1,"5":1,"6":1,"7":1,"8":1,"9":1,"10":1,"11":1,"12":1,"13":1,"14":1,"16":1,"17":1,"18":1,"19":1,"22":1,"23":1,"24":1,"25":1,"27":1,"28":1,"29":1,"30":1,"31":1,"33":1,"34":1,"35":1,"36":1,"37":14,"38":14,"39":14,"40":14,"41":1,"43":1,"44":1,"46":1,"47":1,"49":1,"53":1,"54":1,"55":1,"57":1,"104":1,"105":1,"108":1,"109":1,"110":1,"112":1,"113":2,"114":2,"115":2,"116":2,"117":1,"118":1,"119":2,"120":1,"122":2,"124":1,"125":1,"126":1,"128":1,"129":1,"130":1,"131":1,"132":1,"133":1,"134":1,"137":1,"138":16,"139":16,"140":16,"141":16,"142":16,"143":16,"149":16,"150":16,"151":16,"152":16,"153":16,"154":16,"155":16,"156":16,"157":16,"158":16,"159":16,"160":16,"163":16,"164":16,"165":16,"166":16,"167":16,"168":16,"169":16,"170":16,"171":16,"175":16,"176":16,"177":16,"178":16,"179":1,"182":1,"183":16,"185":1},"branchMap":{"0":{"type":"branch","line":113,"loc":{"start":{"line":113,"column":28},"end":{"line":123,"column":2}},"locations":[{"start":{"line":113,"column":28},"end":{"line":123,"column":2}}]},"1":{"type":"branch","line":117,"loc":{"start":{"line":117,"column":32},"end":{"line":119,"column":5}},"locations":[{"start":{"line":117,"column":32},"end":{"line":119,"column":5}}]},"2":{"type":"branch","line":120,"loc":{"start":{"line":120,"column":2},"end":{"line":121,"column":32}},"locations":[{"start":{"line":120,"column":2},"end":{"line":121,"column":32}}]},"3":{"type":"branch","line":125,"loc":{"start":{"line":125,"column":25},"end":{"line":127,"column":2}},"locations":[{"start":{"line":125,"column":25},"end":{"line":127,"column":2}}]},"4":{"type":"branch","line":129,"loc":{"start":{"line":129,"column":21},"end":{"line":135,"column":2}},"locations":[{"start":{"line":129,"column":21},"end":{"line":135,"column":2}}]},"5":{"type":"branch","line":138,"loc":{"start":{"line":138,"column":36},"end":{"line":180,"column":2}},"locations":[{"start":{"line":138,"column":36},"end":{"line":180,"column":2}}]},"6":{"type":"branch","line":183,"loc":{"start":{"line":183,"column":32},"end":{"line":186,"column":1}},"locations":[{"start":{"line":183,"column":32},"end":{"line":186,"column":1}}]},"7":{"type":"branch","line":35,"loc":{"start":{"line":35,"column":24},"end":{"line":35,"column":53}},"locations":[{"start":{"line":35,"column":24},"end":{"line":35,"column":53}}]},"8":{"type":"branch","line":37,"loc":{"start":{"line":37,"column":21},"end":{"line":41,"column":28}},"locations":[{"start":{"line":37,"column":21},"end":{"line":41,"column":28}}]},"9":{"type":"branch","line":41,"loc":{"start":{"line":41,"column":17},"end":{"line":41,"column":28}},"locations":[{"start":{"line":41,"column":17},"end":{"line":41,"column":28}}]},"10":{"type":"branch","line":28,"loc":{"start":{"line":28,"column":26},"end":{"line":28,"column":29}},"locations":[{"start":{"line":28,"column":26},"end":{"line":28,"column":29}}]},"11":{"type":"branch","line":31,"loc":{"start":{"line":31,"column":48},"end":{"line":31,"column":57}},"locations":[{"start":{"line":31,"column":48},"end":{"line":31,"column":57}}]}},"b":{"0":[2],"1":[1],"2":[1],"3":[1],"4":[1],"5":[16],"6":[16],"7":[2],"8":[14],"9":[2],"10":[15],"11":[14]},"fnMap":{"0":{"name":"handleUpdateVisible","decl":{"start":{"line":113,"column":28},"end":{"line":123,"column":2}},"loc":{"start":{"line":113,"column":28},"end":{"line":123,"column":2}},"line":113},"1":{"name":"handleDialogHide","decl":{"start":{"line":125,"column":25},"end":{"line":127,"column":2}},"loc":{"start":{"line":125,"column":25},"end":{"line":127,"column":2}},"line":125},"2":{"name":"handleCancel","decl":{"start":{"line":129,"column":21},"end":{"line":135,"column":2}},"loc":{"start":{"line":129,"column":21},"end":{"line":135,"column":2}},"line":129}},"f":{"0":2,"1":1,"2":1}}
,"/Users/thiagofazzi/Projects/Vennex/vennex-ui/src/components/VModal/index.ts": {"path":"/Users/thiagofazzi/Projects/Vennex/vennex-ui/src/components/VModal/index.ts","all":false,"statementMap":{"0":{"start":{"line":1,"column":0},"end":{"line":1,"column":67}}},"s":{"0":1},"branchMap":{},"b":{},"fnMap":{},"f":{}}
}
